# JRE version: Java(TM) SE Runtime Environment (19.0.2+7) (build 19.0.2+7-44)
# Java VM: Java HotSpot(TM) 64-Bit Server VM (19.0.2+7-44, mixed mode, sharing, tiered, compressed oops, compressed class ptrs, g1 gc, windows-amd64)
GC Precious Log:
 CardTable entry size: 512
 Card Set container configuration: InlinePtr #cards 4 size 8 Array Of Cards #cards 16 size 48 Howl #buckets 8 coarsen threshold 3686 Howl Bitmap #cards 512 size 80 coarsen threshold 460 Card regions per heap region 1 cards per card region 4096
 CPUs: 16 total, 16 available
 Memory: 16085M
 Large Page Support: Disabled
 NUMA Support: Disabled
 Compressed Oops: Enabled (Zero based)
 Heap Region Size: 2M
 Heap Min Capacity: 8M
 Heap Initial Capacity: 252M
 Heap Max Capacity: 4022M
 Pre-touch: Disabled
 Parallel Workers: 13
 Concurrent Workers: 3
 Concurrent Refinement Workers: 13
 Periodic GC: Disabled
Heap:
 garbage-first heap   total 305152K, used 254444K [0x0000000704a00000, 0x0000000800000000)
  region size 2048K, 42 young (86016K), 1 survivors (2048K)
 Metaspace       used 75000K, committed 75968K, reserved 1179648K
  class space    used 9185K, committed 9728K, reserved 1048576K
GC Heap History (20 events):
Event: 384.310 GC heap before
{Heap before GC invocations=26 (full 0):
 garbage-first heap   total 266240K, used 201633K [0x0000000704a00000, 0x0000000800000000)
  region size 2048K, 57 young (116736K), 1 survivors (2048K)
 Metaspace       used 69765K, committed 70592K, reserved 1114112K
  class space    used 8965K, committed 9344K, reserved 1048576K
}
Event: 384.311 GC heap after
{Heap after GC invocations=27 (full 0):
 garbage-first heap   total 266240K, used 85685K [0x0000000704a00000, 0x0000000800000000)
  region size 2048K, 2 young (4096K), 2 survivors (4096K)
 Metaspace       used 69765K, committed 70592K, reserved 1114112K
  class space    used 8965K, committed 9344K, reserved 1048576K
}
Event: 392.515 GC heap before
{Heap before GC invocations=27 (full 0):
 garbage-first heap   total 266240K, used 224949K [0x0000000704a00000, 0x0000000800000000)
  region size 2048K, 67 young (137216K), 2 survivors (4096K)
 Metaspace       used 69805K, committed 70592K, reserved 1114112K
  class space    used 8965K, committed 9344K, reserved 1048576K
}
Event: 392.516 GC heap after
{Heap after GC invocations=28 (full 0):
 garbage-first heap   total 266240K, used 87035K [0x0000000704a00000, 0x0000000800000000)
  region size 2048K, 1 young (2048K), 1 survivors (2048K)
 Metaspace       used 69805K, committed 70592K, reserved 1114112K
  class space    used 8965K, committed 9344K, reserved 1048576K
}
Event: 407.328 GC heap before
{Heap before GC invocations=28 (full 0):
 garbage-first heap   total 266240K, used 226299K [0x0000000704a00000, 0x0000000800000000)
  region size 2048K, 67 young (137216K), 1 survivors (2048K)
 Metaspace       used 70019K, committed 70848K, reserved 1114112K
  class space    used 8965K, committed 9344K, reserved 1048576K
}
Event: 407.329 GC heap after
{Heap after GC invocations=29 (full 0):
 garbage-first heap   total 266240K, used 87080K [0x0000000704a00000, 0x0000000800000000)
  region size 2048K, 1 young (2048K), 1 survivors (2048K)
 Metaspace       used 70019K, committed 70848K, reserved 1114112K
  class space    used 8965K, committed 9344K, reserved 1048576K
}
Event: 8551.953 GC heap before
{Heap before GC invocations=29 (full 0):
 garbage-first heap   total 266240K, used 232488K [0x0000000704a00000, 0x0000000800000000)
  region size 2048K, 68 young (139264K), 1 survivors (2048K)
 Metaspace       used 70585K, committed 71424K, reserved 1114112K
  class space    used 8969K, committed 9344K, reserved 1048576K
}
Event: 8551.956 GC heap after
{Heap after GC invocations=30 (full 0):
 garbage-first heap   total 266240K, used 95274K [0x0000000704a00000, 0x0000000800000000)
  region size 2048K, 2 young (4096K), 2 survivors (4096K)
 Metaspace       used 70585K, committed 71424K, reserved 1114112K
  class space    used 8969K, committed 9344K, reserved 1048576K
}
Event: 8552.096 GC heap before
{Heap before GC invocations=30 (full 0):
 garbage-first heap   total 266240K, used 224298K [0x0000000704a00000, 0x0000000800000000)
  region size 2048K, 65 young (133120K), 2 survivors (4096K)
 Metaspace       used 70590K, committed 71424K, reserved 1114112K
  class space    used 8969K, committed 9344K, reserved 1048576K
}
Event: 8552.097 GC heap after
{Heap after GC invocations=31 (full 0):
 garbage-first heap   total 266240K, used 86755K [0x0000000704a00000, 0x0000000800000000)
  region size 2048K, 3 young (6144K), 3 survivors (6144K)
 Metaspace       used 70590K, committed 71424K, reserved 1114112K
  class space    used 8969K, committed 9344K, reserved 1048576K
}
Event: 14749.544 GC heap before
{Heap before GC invocations=31 (full 0):
 garbage-first heap   total 266240K, used 164579K [0x0000000704a00000, 0x0000000800000000)
  region size 2048K, 43 young (88064K), 3 survivors (6144K)
 Metaspace       used 74763K, committed 75648K, reserved 1179648K
  class space    used 9290K, committed 9728K, reserved 1048576K
}
Event: 14749.554 GC heap after
{Heap after GC invocations=32 (full 0):
 garbage-first heap   total 266240K, used 87363K [0x0000000704a00000, 0x0000000800000000)
  region size 2048K, 3 young (6144K), 3 survivors (6144K)
 Metaspace       used 74763K, committed 75648K, reserved 1179648K
  class space    used 9290K, committed 9728K, reserved 1048576K
}
Event: 14749.580 GC heap before
{Heap before GC invocations=32 (full 0):
 garbage-first heap   total 266240K, used 109891K [0x0000000704a00000, 0x0000000800000000)
  region size 2048K, 5 young (10240K), 3 survivors (6144K)
 Metaspace       used 74766K, committed 75648K, reserved 1179648K
  class space    used 9290K, committed 9728K, reserved 1048576K
}
Event: 14749.585 GC heap after
{Heap after GC invocations=33 (full 0):
 garbage-first heap   total 266240K, used 107979K [0x0000000704a00000, 0x0000000800000000)
  region size 2048K, 2 young (4096K), 2 survivors (4096K)
 Metaspace       used 74766K, committed 75648K, reserved 1179648K
  class space    used 9290K, committed 9728K, reserved 1048576K
}
Event: 14754.252 GC heap before
{Heap before GC invocations=34 (full 0):
 garbage-first heap   total 305152K, used 288203K [0x0000000704a00000, 0x0000000800000000)
  region size 2048K, 58 young (118784K), 2 survivors (4096K)
 Metaspace       used 74995K, committed 75968K, reserved 1179648K
  class space    used 9183K, committed 9728K, reserved 1048576K
}
Event: 14754.258 GC heap after
{Heap after GC invocations=35 (full 0):
 garbage-first heap   total 305152K, used 175930K [0x0000000704a00000, 0x0000000800000000)
  region size 2048K, 2 young (4096K), 2 survivors (4096K)
 Metaspace       used 74995K, committed 75968K, reserved 1179648K
  class space    used 9183K, committed 9728K, reserved 1048576K
}
Event: 14754.704 GC heap before
{Heap before GC invocations=35 (full 0):
 garbage-first heap   total 305152K, used 186170K [0x0000000704a00000, 0x0000000800000000)
  region size 2048K, 7 young (14336K), 2 survivors (4096K)
 Metaspace       used 74997K, committed 75968K, reserved 1179648K
  class space    used 9184K, committed 9728K, reserved 1048576K
}
Event: 14754.711 GC heap after
{Heap after GC invocations=36 (full 0):
 garbage-first heap   total 305152K, used 172764K [0x0000000704a00000, 0x0000000800000000)
  region size 2048K, 1 young (2048K), 1 survivors (2048K)
 Metaspace       used 74997K, committed 75968K, reserved 1179648K
  class space    used 9184K, committed 9728K, reserved 1048576K
}
Event: 14757.822 GC heap before
{Heap before GC invocations=36 (full 0):
 garbage-first heap   total 305152K, used 264924K [0x0000000704a00000, 0x0000000800000000)
  region size 2048K, 46 young (94208K), 1 survivors (2048K)
 Metaspace       used 74998K, committed 75968K, reserved 1179648K
  class space    used 9185K, committed 9728K, reserved 1048576K
}
Event: 14757.823 GC heap after
{Heap after GC invocations=37 (full 0):
 garbage-first heap   total 305152K, used 172524K [0x0000000704a00000, 0x0000000800000000)
  region size 2048K, 1 young (2048K), 1 survivors (2048K)
 Metaspace       used 74998K, committed 75968K, reserved 1179648K
  class space    used 9185K, committed 9728K, reserved 1048576K
}

