# JRE version: Java(TM) SE Runtime Environment (19.0.2+7) (build 19.0.2+7-44)
# Java VM: Java HotSpot(TM) 64-Bit Server VM (19.0.2+7-44, mixed mode, sharing, tiered, compressed oops, compressed class ptrs, g1 gc, windows-amd64)
GC Precious Log:
 CardTable entry size: 512
 Card Set container configuration: InlinePtr #cards 4 size 8 Array Of Cards #cards 16 size 48 Howl #buckets 8 coarsen threshold 3686 Howl Bitmap #cards 512 size 80 coarsen threshold 460 Card regions per heap region 1 cards per card region 4096
 CPUs: 16 total, 16 available
 Memory: 16085M
 Large Page Support: Disabled
 NUMA Support: Disabled
 Compressed Oops: Enabled (Zero based)
 Heap Region Size: 2M
 Heap Min Capacity: 8M
 Heap Initial Capacity: 252M
 Heap Max Capacity: 4022M
 Pre-touch: Disabled
 Parallel Workers: 13
 Concurrent Workers: 3
 Concurrent Refinement Workers: 13
 Periodic GC: Disabled
Heap:
 garbage-first heap   total 251904K, used 168383K [0x0000000704a00000, 0x0000000800000000)
  region size 2048K, 3 young (6144K), 1 survivors (2048K)
 Metaspace       used 72029K, committed 72832K, reserved 1114112K
  class space    used 8948K, committed 9344K, reserved 1048576K
GC Heap History (20 events):
Event: 4.097 GC heap before
{Heap before GC invocations=16 (full 0):
 garbage-first heap   total 96256K, used 29203K [0x0000000704a00000, 0x0000000800000000)
  region size 2048K, 3 young (6144K), 2 survivors (4096K)
 Metaspace       used 60616K, committed 61248K, reserved 1114112K
  class space    used 7892K, committed 8192K, reserved 1048576K
}
Event: 4.106 GC heap after
{Heap after GC invocations=17 (full 0):
 garbage-first heap   total 96256K, used 26928K [0x0000000704a00000, 0x0000000800000000)
  region size 2048K, 1 young (2048K), 1 survivors (2048K)
 Metaspace       used 60616K, committed 61248K, reserved 1114112K
  class space    used 7892K, committed 8192K, reserved 1048576K
}
Event: 4.200 GC heap before
{Heap before GC invocations=17 (full 0):
 garbage-first heap   total 96256K, used 71984K [0x0000000704a00000, 0x0000000800000000)
  region size 2048K, 24 young (49152K), 1 survivors (2048K)
 Metaspace       used 60745K, committed 61440K, reserved 1114112K
  class space    used 7897K, committed 8192K, reserved 1048576K
}
Event: 4.202 GC heap after
{Heap after GC invocations=18 (full 0):
 garbage-first heap   total 96256K, used 28217K [0x0000000704a00000, 0x0000000800000000)
  region size 2048K, 1 young (2048K), 1 survivors (2048K)
 Metaspace       used 60745K, committed 61440K, reserved 1114112K
  class space    used 7897K, committed 8192K, reserved 1048576K
}
Event: 4.287 GC heap before
{Heap before GC invocations=18 (full 0):
 garbage-first heap   total 96256K, used 73273K [0x0000000704a00000, 0x0000000800000000)
  region size 2048K, 24 young (49152K), 1 survivors (2048K)
 Metaspace       used 60847K, committed 61440K, reserved 1114112K
  class space    used 7897K, committed 8192K, reserved 1048576K
}
Event: 4.289 GC heap after
{Heap after GC invocations=19 (full 0):
 garbage-first heap   total 194560K, used 29317K [0x0000000704a00000, 0x0000000800000000)
  region size 2048K, 2 young (4096K), 2 survivors (4096K)
 Metaspace       used 60847K, committed 61440K, reserved 1114112K
  class space    used 7897K, committed 8192K, reserved 1048576K
}
Event: 29.589 GC heap before
{Heap before GC invocations=19 (full 0):
 garbage-first heap   total 194560K, used 113285K [0x0000000704a00000, 0x0000000800000000)
  region size 2048K, 34 young (69632K), 2 survivors (4096K)
 Metaspace       used 68388K, committed 69120K, reserved 1114112K
  class space    used 8860K, committed 9216K, reserved 1048576K
}
Event: 29.592 GC heap after
{Heap after GC invocations=20 (full 0):
 garbage-first heap   total 194560K, used 53227K [0x0000000704a00000, 0x0000000800000000)
  region size 2048K, 3 young (6144K), 3 survivors (6144K)
 Metaspace       used 68388K, committed 69120K, reserved 1114112K
  class space    used 8860K, committed 9216K, reserved 1048576K
}
Event: 150.233 GC heap before
{Heap before GC invocations=20 (full 0):
 garbage-first heap   total 194560K, used 79851K [0x0000000704a00000, 0x0000000800000000)
  region size 2048K, 6 young (12288K), 3 survivors (6144K)
 Metaspace       used 69148K, committed 69888K, reserved 1114112K
  class space    used 8918K, committed 9280K, reserved 1048576K
}
Event: 150.237 GC heap after
{Heap after GC invocations=21 (full 0):
 garbage-first heap   total 194560K, used 76310K [0x0000000704a00000, 0x0000000800000000)
  region size 2048K, 3 young (6144K), 3 survivors (6144K)
 Metaspace       used 69148K, committed 69888K, reserved 1114112K
  class space    used 8918K, committed 9280K, reserved 1048576K
}
Event: 177.563 GC heap before
{Heap before GC invocations=22 (full 0):
 garbage-first heap   total 245760K, used 244246K [0x0000000704a00000, 0x0000000800000000)
  region size 2048K, 41 young (83968K), 3 survivors (6144K)
 Metaspace       used 72014K, committed 72832K, reserved 1114112K
  class space    used 8946K, committed 9344K, reserved 1048576K
}
Event: 177.567 GC heap after
{Heap after GC invocations=23 (full 0):
 garbage-first heap   total 251904K, used 166801K [0x0000000704a00000, 0x0000000800000000)
  region size 2048K, 3 young (6144K), 3 survivors (6144K)
 Metaspace       used 72014K, committed 72832K, reserved 1114112K
  class space    used 8946K, committed 9344K, reserved 1048576K
}
Event: 178.283 GC heap before
{Heap before GC invocations=23 (full 0):
 garbage-first heap   total 251904K, used 172945K [0x0000000704a00000, 0x0000000800000000)
  region size 2048K, 6 young (12288K), 3 survivors (6144K)
 Metaspace       used 72014K, committed 72832K, reserved 1114112K
  class space    used 8946K, committed 9344K, reserved 1048576K
}
Event: 178.290 GC heap after
{Heap after GC invocations=24 (full 0):
 garbage-first heap   total 251904K, used 166667K [0x0000000704a00000, 0x0000000800000000)
  region size 2048K, 1 young (2048K), 1 survivors (2048K)
 Metaspace       used 72014K, committed 72832K, reserved 1114112K
  class space    used 8946K, committed 9344K, reserved 1048576K
}
Event: 180.889 GC heap before
{Heap before GC invocations=24 (full 0):
 garbage-first heap   total 251904K, used 215819K [0x0000000704a00000, 0x0000000800000000)
  region size 2048K, 25 young (51200K), 1 survivors (2048K)
 Metaspace       used 72020K, committed 72832K, reserved 1114112K
  class space    used 8947K, committed 9344K, reserved 1048576K
}
Event: 180.892 GC heap after
{Heap after GC invocations=25 (full 0):
 garbage-first heap   total 251904K, used 166373K [0x0000000704a00000, 0x0000000800000000)
  region size 2048K, 1 young (2048K), 1 survivors (2048K)
 Metaspace       used 72020K, committed 72832K, reserved 1114112K
  class space    used 8947K, committed 9344K, reserved 1048576K
}
Event: 182.467 GC heap before
{Heap before GC invocations=25 (full 0):
 garbage-first heap   total 251904K, used 215525K [0x0000000704a00000, 0x0000000800000000)
  region size 2048K, 25 young (51200K), 1 survivors (2048K)
 Metaspace       used 72023K, committed 72832K, reserved 1114112K
  class space    used 8948K, committed 9344K, reserved 1048576K
}
Event: 182.469 GC heap after
{Heap after GC invocations=26 (full 0):
 garbage-first heap   total 251904K, used 166311K [0x0000000704a00000, 0x0000000800000000)
  region size 2048K, 1 young (2048K), 1 survivors (2048K)
 Metaspace       used 72023K, committed 72832K, reserved 1114112K
  class space    used 8948K, committed 9344K, reserved 1048576K
}
Event: 183.962 GC heap before
{Heap before GC invocations=26 (full 0):
 garbage-first heap   total 251904K, used 217511K [0x0000000704a00000, 0x0000000800000000)
  region size 2048K, 26 young (53248K), 1 survivors (2048K)
 Metaspace       used 72029K, committed 72832K, reserved 1114112K
  class space    used 8948K, committed 9344K, reserved 1048576K
}
Event: 183.964 GC heap after
{Heap after GC invocations=27 (full 0):
 garbage-first heap   total 251904K, used 166335K [0x0000000704a00000, 0x0000000800000000)
  region size 2048K, 1 young (2048K), 1 survivors (2048K)
 Metaspace       used 72029K, committed 72832K, reserved 1114112K
  class space    used 8948K, committed 9344K, reserved 1048576K
}

